# JRE version: Java(TM) SE Runtime Environment 18.9 (11.0.12+8) (build 11.0.12+8-LTS-237)
# Java VM: Java HotSpot(TM) 64-Bit Server VM 18.9 (11.0.12+8-LTS-237, mixed mode, tiered, compressed oops, g1 gc, windows-amd64)
Heap:
 garbage-first heap   total 260096K, used 48672K [0x0000000702600000, 0x0000000800000000)
  region size 1024K, 33 young (33792K), 8 survivors (8192K)
 Metaspace       used 63013K, capacity 64577K, committed 64640K, reserved 1105920K
  class space    used 8407K, capacity 9070K, committed 9088K, reserved 1048576K
GC Heap History (10 events):
Event: 1.041 GC heap before
{Heap before GC invocations=1 (full 0):
 garbage-first heap   total 260096K, used 33965K [0x0000000702600000, 0x0000000800000000)
  region size 1024K, 30 young (30720K), 3 survivors (3072K)
 Metaspace       used 20511K, capacity 21180K, committed 21248K, reserved 1067008K
  class space    used 2493K, capacity 2782K, committed 2816K, reserved 1048576K
}
Event: 1.045 GC heap after
{Heap after GC invocations=2 (full 0):
 garbage-first heap   total 260096K, used 10849K [0x0000000702600000, 0x0000000800000000)
  region size 1024K, 7 young (7168K), 7 survivors (7168K)
 Metaspace       used 20511K, capacity 21180K, committed 21248K, reserved 1067008K
  class space    used 2493K, capacity 2782K, committed 2816K, reserved 1048576K
}
Event: 7.151 GC heap before
{Heap before GC invocations=3 (full 0):
 garbage-first heap   total 260096K, used 45665K [0x0000000702600000, 0x0000000800000000)
  region size 1024K, 39 young (39936K), 7 survivors (7168K)
 Metaspace       used 31083K, capacity 32085K, committed 32384K, reserved 1077248K
  class space    used 3975K, capacity 4367K, committed 4480K, reserved 1048576K
}
Event: 7.156 GC heap after
{Heap after GC invocations=4 (full 0):
 garbage-first heap   total 260096K, used 15547K [0x0000000702600000, 0x0000000800000000)
  region size 1024K, 3 young (3072K), 3 survivors (3072K)
 Metaspace       used 31083K, capacity 32085K, committed 32384K, reserved 1077248K
  class space    used 3975K, capacity 4367K, committed 4480K, reserved 1048576K
}
Event: 7.376 GC heap before
{Heap before GC invocations=4 (full 0):
 garbage-first heap   total 260096K, used 31931K [0x0000000702600000, 0x0000000800000000)
  region size 1024K, 20 young (20480K), 3 survivors (3072K)
 Metaspace       used 34689K, capacity 35728K, committed 35840K, reserved 1081344K
  class space    used 4465K, capacity 4926K, committed 4992K, reserved 1048576K
}
Event: 7.379 GC heap after
{Heap after GC invocations=5 (full 0):
 garbage-first heap   total 260096K, used 15884K [0x0000000702600000, 0x0000000800000000)
  region size 1024K, 3 young (3072K), 3 survivors (3072K)
 Metaspace       used 34689K, capacity 35728K, committed 35840K, reserved 1081344K
  class space    used 4465K, capacity 4926K, committed 4992K, reserved 1048576K
}
Event: 8.490 GC heap before
{Heap before GC invocations=6 (full 0):
 garbage-first heap   total 260096K, used 100876K [0x0000000702600000, 0x0000000800000000)
  region size 1024K, 86 young (88064K), 3 survivors (3072K)
 Metaspace       used 56169K, capacity 57508K, committed 57600K, reserved 1099776K
  class space    used 7334K, capacity 7912K, committed 7936K, reserved 1048576K
}
Event: 8.495 GC heap after
{Heap after GC invocations=7 (full 0):
 garbage-first heap   total 260096K, used 21339K [0x0000000702600000, 0x0000000800000000)
  region size 1024K, 9 young (9216K), 9 survivors (9216K)
 Metaspace       used 56169K, capacity 57508K, committed 57600K, reserved 1099776K
  class space    used 7334K, capacity 7912K, committed 7936K, reserved 1048576K
}
Event: 8.649 GC heap before
{Heap before GC invocations=7 (full 0):
 garbage-first heap   total 260096K, used 36699K [0x0000000702600000, 0x0000000800000000)
  region size 1024K, 25 young (25600K), 9 survivors (9216K)
 Metaspace       used 58705K, capacity 60016K, committed 60160K, reserved 1101824K
  class space    used 7792K, capacity 8364K, committed 8448K, reserved 1048576K
}
Event: 8.654 GC heap after
{Heap after GC invocations=8 (full 0):
 garbage-first heap   total 260096K, used 23072K [0x0000000702600000, 0x0000000800000000)
  region size 1024K, 8 young (8192K), 8 survivors (8192K)
 Metaspace       used 58705K, capacity 60016K, committed 60160K, reserved 1101824K
  class space    used 7792K, capacity 8364K, committed 8448K, reserved 1048576K
}

