# JRE version: Java(TM) SE Runtime Environment 18.9 (11.0.12+8) (build 11.0.12+8-LTS-237)
# Java VM: Java HotSpot(TM) 64-Bit Server VM 18.9 (11.0.12+8-LTS-237, mixed mode, tiered, compressed oops, g1 gc, windows-amd64)
Heap:
 garbage-first heap   total 260096K, used 52287K [0x0000000702600000, 0x0000000800000000)
  region size 1024K, 39 young (39936K), 10 survivors (10240K)
 Metaspace       used 63146K, capacity 64707K, committed 64896K, reserved 1105920K
  class space    used 8414K, capacity 9071K, committed 9088K, reserved 1048576K
GC Heap History (10 events):
Event: 0.434 GC heap before
{Heap before GC invocations=0 (full 0):
 garbage-first heap   total 260096K, used 23552K [0x0000000702600000, 0x0000000800000000)
  region size 1024K, 24 young (24576K), 0 survivors (0K)
 Metaspace       used 11471K, capacity 11869K, committed 11904K, reserved 1060864K
  class space    used 1250K, capacity 1393K, committed 1408K, reserved 1048576K
}
Event: 0.436 GC heap after
{Heap after GC invocations=1 (full 0):
 garbage-first heap   total 260096K, used 4291K [0x0000000702600000, 0x0000000800000000)
  region size 1024K, 3 young (3072K), 3 survivors (3072K)
 Metaspace       used 11471K, capacity 11869K, committed 11904K, reserved 1060864K
  class space    used 1250K, capacity 1393K, committed 1408K, reserved 1048576K
}
Event: 1.061 GC heap before
{Heap before GC invocations=1 (full 0):
 garbage-first heap   total 260096K, used 33987K [0x0000000702600000, 0x0000000800000000)
  region size 1024K, 31 young (31744K), 3 survivors (3072K)
 Metaspace       used 20515K, capacity 21148K, committed 21248K, reserved 1067008K
  class space    used 2490K, capacity 2750K, committed 2816K, reserved 1048576K
}
Event: 1.065 GC heap after
{Heap after GC invocations=2 (full 0):
 garbage-first heap   total 260096K, used 10829K [0x0000000702600000, 0x0000000800000000)
  region size 1024K, 8 young (8192K), 8 survivors (8192K)
 Metaspace       used 20515K, capacity 21148K, committed 21248K, reserved 1067008K
  class space    used 2490K, capacity 2750K, committed 2816K, reserved 1048576K
}
Event: 11.723 GC heap before
{Heap before GC invocations=3 (full 0):
 garbage-first heap   total 260096K, used 46669K [0x0000000702600000, 0x0000000800000000)
  region size 1024K, 41 young (41984K), 8 survivors (8192K)
 Metaspace       used 31487K, capacity 32443K, committed 32640K, reserved 1077248K
  class space    used 4021K, capacity 4423K, committed 4480K, reserved 1048576K
}
Event: 11.728 GC heap after
{Heap after GC invocations=4 (full 0):
 garbage-first heap   total 260096K, used 15698K [0x0000000702600000, 0x0000000800000000)
  region size 1024K, 3 young (3072K), 3 survivors (3072K)
 Metaspace       used 31487K, capacity 32443K, committed 32640K, reserved 1077248K
  class space    used 4021K, capacity 4423K, committed 4480K, reserved 1048576K
}
Event: 11.922 GC heap before
{Heap before GC invocations=4 (full 0):
 garbage-first heap   total 260096K, used 29010K [0x0000000702600000, 0x0000000800000000)
  region size 1024K, 17 young (17408K), 3 survivors (3072K)
 Metaspace       used 34672K, capacity 35717K, committed 35840K, reserved 1081344K
  class space    used 4445K, capacity 4901K, committed 4992K, reserved 1048576K
}
Event: 11.924 GC heap after
{Heap after GC invocations=5 (full 0):
 garbage-first heap   total 260096K, used 16112K [0x0000000702600000, 0x0000000800000000)
  region size 1024K, 3 young (3072K), 3 survivors (3072K)
 Metaspace       used 34672K, capacity 35717K, committed 35840K, reserved 1081344K
  class space    used 4445K, capacity 4901K, committed 4992K, reserved 1048576K
}
Event: 13.186 GC heap before
{Heap before GC invocations=6 (full 0):
 garbage-first heap   total 260096K, used 113392K [0x0000000702600000, 0x0000000800000000)
  region size 1024K, 99 young (101376K), 3 survivors (3072K)
 Metaspace       used 58653K, capacity 60012K, committed 60160K, reserved 1101824K
  class space    used 7761K, capacity 8342K, committed 8448K, reserved 1048576K
}
Event: 13.193 GC heap after
{Heap after GC invocations=7 (full 0):
 garbage-first heap   total 260096K, used 22591K [0x0000000702600000, 0x0000000800000000)
  region size 1024K, 10 young (10240K), 10 survivors (10240K)
 Metaspace       used 58653K, capacity 60012K, committed 60160K, reserved 1101824K
  class space    used 7761K, capacity 8342K, committed 8448K, reserved 1048576K
}

